\BOOKMARK [1][]{section.1}{\376\377\116\000\060\001\000\040\225\356\230\230\221\315\217\360}{}% 1
\BOOKMARK [1][]{section.2}{\376\377\116\214\060\001\000\040\225\356\230\230\122\006\147\220}{}% 2
\BOOKMARK [2][]{subsection.2.1}{\376\377\0002\000.\0001\000\040\225\356\230\230\116\000\166\204\122\006\147\220}{section.2}% 3
\BOOKMARK [2][]{subsection.2.2}{\376\377\0002\000.\0002\000\040\225\356\230\230\116\214\166\204\122\006\147\220}{section.2}% 4
\BOOKMARK [2][]{subsection.2.3}{\376\377\0002\000.\0003\000\040\225\356\230\230\116\011\166\204\122\006\147\220}{section.2}% 5
\BOOKMARK [2][]{subsection.2.4}{\376\377\0002\000.\0004\000\040\225\356\230\230\126\333\166\204\122\006\147\220}{section.2}% 6
\BOOKMARK [1][]{section.3}{\376\377\116\011\060\001\000\040\152\041\127\213\120\107\213\276}{}% 7
\BOOKMARK [1][]{section.4}{\376\377\126\333\060\001\000\040\173\046\123\367\213\364\146\016\123\312\124\015\213\315\133\232\116\111}{}% 8
\BOOKMARK [1][]{section.5}{\376\377\116\224\060\001\000\040\152\041\127\213\136\372\172\313\116\016\154\102\211\343}{}% 9
\BOOKMARK [2][]{subsection.5.1}{\376\377\0005\000.\0001\000\040\225\356\230\230\116\000\166\204\154\102\211\343}{section.5}% 10
\BOOKMARK [3][]{subsubsection.5.1.1}{\376\377\0005\000.\0001\000.\0001\000\040\210\150\134\102\230\316\123\026\040\024\166\370\121\163\162\171\137\201\213\304\117\060\152\041\127\213}{subsection.5.1}% 11
\BOOKMARK [3][]{subsubsection.5.1.2}{\376\377\0005\000.\0001\000.\0002\000\040\145\057\143\001\124\021\221\317\126\336\137\122\377\010\000S\000V\000R\377\011\230\316\123\026\123\026\133\146\142\020\122\006\230\204\155\113\152\041\127\213}{subsection.5.1}% 12
\BOOKMARK [2][]{subsection.5.2}{\376\377\0005\000.\0002\000\040\225\356\230\230\116\214\166\204\154\102\211\343}{section.5}% 13
\BOOKMARK [3][]{subsubsection.5.2.1}{\376\377\0005\000.\0002\000.\0001\000\040\000K\000-\000M\000e\000a\000n\000s\173\227\154\325\123\237\164\006}{subsection.5.2}% 14
\BOOKMARK [3][]{subsubsection.5.2.2}{\376\377\0005\000.\0002\000.\0002\000\040\000K\000-\000M\000e\000a\000n\000s\173\227\154\325\154\102\211\343}{subsection.5.2}% 15
\BOOKMARK [3][]{subsubsection.5.2.3}{\376\377\0005\000.\0002\000.\0003\000\040\000K\000-\000M\000e\000a\000n\000s\200\132\174\173\176\323\147\234\166\204\124\010\164\006\140\047\124\214\145\117\141\037\140\047}{subsection.5.2}% 16
\BOOKMARK [2][]{subsection.5.3}{\376\377\0005\000.\0003\000\040\225\356\230\230\116\011\166\204\154\102\211\343}{section.5}% 17
\BOOKMARK [3][]{subsubsection.5.3.1}{\376\377\0005\000.\0003\000.\0001\000\040\220\073\217\221\126\336\137\122\152\041\127\213\166\204\213\255\176\303\116\016\230\204\155\113}{subsection.5.3}% 18
\BOOKMARK [3][]{subsubsection.5.3.2}{\376\377\0005\000.\0003\000.\0002\000\040\213\241\173\227\210\150\123\125\0003\166\204\150\067\147\054\116\016\174\173\174\007\116\055\137\303\166\204\215\335\171\273\136\166\122\044\145\255\142\100\134\136\174\173\127\213}{subsection.5.3}% 19
\BOOKMARK [3][]{subsubsection.5.3.3}{\376\377\0005\000.\0003\000.\0003\000\040\122\006\147\220\220\073\217\221\126\336\137\122\152\041\127\213\230\204\155\113\176\323\147\234\166\204\145\117\141\037\140\047}{subsection.5.3}% 20
\BOOKMARK [2][]{subsection.5.4}{\376\377\0005\000.\0004\000\040\225\356\230\230\126\333\166\204\154\102\211\343}{section.5}% 21
\BOOKMARK [1][]{section.6}{\376\377\121\155\060\001\000\040\152\041\127\213\122\006\147\220}{}% 22
\BOOKMARK [2][]{subsection.6.1}{\376\377\0006\000.\0001\000\040\152\041\127\213\166\204\117\030\160\271}{section.6}% 23
\BOOKMARK [2][]{subsection.6.2}{\376\377\0006\000.\0002\000\040\152\041\127\213\166\204\177\072\160\271}{section.6}% 24
\BOOKMARK [1][]{section.7}{\376\377\116\003\060\001\000\040\123\302\200\003\145\207\163\056\116\016\137\025\165\050}{}% 25
\BOOKMARK [1][]{section*.23}{\376\377\123\302\200\003\145\207\163\056}{}% 26
\BOOKMARK [1][]{appendix.a.A}{\376\377\226\104\137\125\000\040\000A\000\040\226\104\137\125}{}% 27
\BOOKMARK [2][]{subsection.a.A.1}{\376\377\0001\000.\0001\000\040\145\057\144\221\147\120\145\231\156\005\123\125}{appendix.a.A}% 28
\BOOKMARK [2][]{subsection.a.A.2}{\376\377\0001\000.\0002\000\040\226\104\137\125\0001\000:\000S\000V\000R\230\316\123\026\123\026\133\146\142\020\122\006\230\204\155\113\152\041\127\213\000.\000p\000y}{appendix.a.A}% 29
\BOOKMARK [2][]{subsection.a.A.3}{\376\377\0001\000.\0003\000\040\226\104\137\125\0002\000:\000k\000-\000m\000e\000a\000n\000s\000.\000p\000y}{appendix.a.A}% 30
\BOOKMARK [2][]{subsection.a.A.4}{\376\377\0001\000.\0004\000\040\226\104\137\125\0003\000:\220\073\217\221\126\336\137\122\152\041\127\213\000.\000p\000y}{appendix.a.A}% 31
\BOOKMARK [2][]{subsection.a.A.5}{\376\377\0001\000.\0005\000\040\226\104\137\125\0004\000:\145\271\135\356\122\006\147\220\000.\000p\000y}{appendix.a.A}% 32
